Release 14.7 - xst P.20131013 (nt)
Copyright (c) 1995-2013 Xilinx, Inc.  All rights reserved.
--> Parameter TMPDIR set to xst/projnav.tmp


Total REAL time to Xst completion: 1.00 secs
Total CPU time to Xst completion: 0.34 secs
 
--> Parameter xsthdpdir set to xst


Total REAL time to Xst completion: 1.00 secs
Total CPU time to Xst completion: 0.34 secs
 
--> Reading design: pipeline.prj

TABLE OF CONTENTS
  1) Synthesis Options Summary
  2) HDL Parsing
  3) HDL Elaboration
  4) HDL Synthesis
       4.1) HDL Synthesis Report
  5) Advanced HDL Synthesis
       5.1) Advanced HDL Synthesis Report
  6) Low Level Synthesis
  7) Partition Report
  8) Design Summary
       8.1) Primitive and Black Box Usage
       8.2) Device utilization summary
       8.3) Partition Resource Summary
       8.4) Timing Report
            8.4.1) Clock Information
            8.4.2) Asynchronous Control Signals Information
            8.4.3) Timing Summary
            8.4.4) Timing Details
            8.4.5) Cross Clock Domains Report


=========================================================================
*                      Synthesis Options Summary                        *
=========================================================================
---- Source Parameters
Input File Name                    : "pipeline.prj"
Ignore Synthesis Constraint File   : NO

---- Target Parameters
Output File Name                   : "pipeline"
Output Format                      : NGC
Target Device                      : xc6slx16-3-csg324

---- Source Options
Top Module Name                    : pipeline
Automatic FSM Extraction           : YES
FSM Encoding Algorithm             : Auto
Safe Implementation                : No
FSM Style                          : LUT
RAM Extraction                     : Yes
RAM Style                          : Auto
ROM Extraction                     : Yes
Shift Register Extraction          : YES
ROM Style                          : Auto
Resource Sharing                   : YES
Asynchronous To Synchronous        : NO
Shift Register Minimum Size        : 2
Use DSP Block                      : Auto
Automatic Register Balancing       : No

---- Target Options
LUT Combining                      : Auto
Reduce Control Sets                : Auto
Add IO Buffers                     : YES
Global Maximum Fanout              : 100000
Add Generic Clock Buffer(BUFG)     : 16
Register Duplication               : YES
Optimize Instantiated Primitives   : NO
Use Clock Enable                   : Auto
Use Synchronous Set                : Auto
Use Synchronous Reset              : Auto
Pack IO Registers into IOBs        : Auto
Equivalent register Removal        : YES

---- General Options
Optimization Goal                  : Speed
Optimization Effort                : 1
Power Reduction                    : NO
Keep Hierarchy                     : No
Netlist Hierarchy                  : As_Optimized
RTL Output                         : Yes
Global Optimization                : AllClockNets
Read Cores                         : YES
Write Timing Constraints           : NO
Cross Clock Analysis               : NO
Hierarchy Separator                : /
Bus Delimiter                      : <>
Case Specifier                     : Maintain
Slice Utilization Ratio            : 100
BRAM Utilization Ratio             : 100
DSP48 Utilization Ratio            : 100
Auto BRAM Packing                  : NO
Slice Utilization Ratio Delta      : 5

=========================================================================


=========================================================================
*                          HDL Parsing                                  *
=========================================================================
Analyzing Verilog file "D:\Facu\Arquitectura de Computadoras\pipeline\program-counter.v" into library work
Parsing module <program>.
Analyzing Verilog file "D:\Facu\Arquitectura de Computadoras\pipeline\muxPc.v" into library work
Parsing module <muxPc>.
Analyzing Verilog file "D:\Facu\Arquitectura de Computadoras\pipeline\InstructionMem.v" into library work
Parsing module <InstructionMem>.
Analyzing Verilog file "D:\Facu\Arquitectura de Computadoras\pipeline\addPc.v" into library work
Parsing module <addPc>.
Analyzing Verilog file "D:\Facu\Arquitectura de Computadoras\pipeline\pipeline.v" into library work
Parsing module <pipeline>.

=========================================================================
*                            HDL Elaboration                            *
=========================================================================

Elaborating module <pipeline>.

Elaborating module <muxPc>.

Elaborating module <program>.

Elaborating module <InstructionMem>.
WARNING:HDLCompiler:91 - "D:\Facu\Arquitectura de Computadoras\pipeline\InstructionMem.v" Line 39: Signal <memory> missing in the sensitivity list is added for synthesis purposes. HDL and post-synthesis simulations may differ as a result.

Elaborating module <addPc>.
WARNING:HDLCompiler:413 - "D:\Facu\Arquitectura de Computadoras\pipeline\addPc.v" Line 28: Result of 9-bit expression is truncated to fit in 8-bit target.

=========================================================================
*                           HDL Synthesis                               *
=========================================================================

Synthesizing Unit <pipeline>.
    Related source file is "D:\Facu\Arquitectura de Computadoras\pipeline\pipeline.v".
        tam = 8
    Summary:
	no macro.
Unit <pipeline> synthesized.

Synthesizing Unit <muxPc>.
    Related source file is "D:\Facu\Arquitectura de Computadoras\pipeline\muxPc.v".
        tam = 8
    Summary:
	inferred   1 Multiplexer(s).
Unit <muxPc> synthesized.

Synthesizing Unit <program>.
    Related source file is "D:\Facu\Arquitectura de Computadoras\pipeline\program-counter.v".
        tam = 8
    Summary:
	no macro.
Unit <program> synthesized.

Synthesizing Unit <InstructionMem>.
    Related source file is "D:\Facu\Arquitectura de Computadoras\pipeline\InstructionMem.v".
        tam = 8
WARNING:Xst:647 - Input <inInstructionMem<7:3>> is never used. This port will be preserved and left unconnected if it belongs to a top-level block or it belongs to a sub-block and the hierarchy of this sub-block is preserved.
WARNING:Xst:2999 - Signal 'memory', unconnected in block 'InstructionMem', is tied to its initial value.
WARNING:Xst:3035 - Index value(s) does not match array range for signal <memory>, simulation mismatch.
    Found 6x8-bit single-port Read Only RAM <Mram_memory> for signal <memory>.
    Summary:
	inferred   1 RAM(s).
Unit <InstructionMem> synthesized.

Synthesizing Unit <addPc>.
    Related source file is "D:\Facu\Arquitectura de Computadoras\pipeline\addPc.v".
        tam = 8
    Found 8-bit register for signal <outAddPc>.
    Found 8-bit adder for signal <inAddPc[7]_GND_5_o_add_1_OUT> created at line 28.
    Summary:
	inferred   1 Adder/Subtractor(s).
	inferred   8 D-type flip-flop(s).
Unit <addPc> synthesized.

=========================================================================
HDL Synthesis Report

Macro Statistics
# RAMs                                                 : 1
 6x8-bit single-port Read Only RAM                     : 1
# Adders/Subtractors                                   : 1
 8-bit adder                                           : 1
# Registers                                            : 1
 8-bit register                                        : 1
# Multiplexers                                         : 1
 8-bit 2-to-1 multiplexer                              : 1

=========================================================================

=========================================================================
*                       Advanced HDL Synthesis                          *
=========================================================================


Synthesizing (advanced) Unit <InstructionMem>.
INFO:Xst:3218 - HDL ADVISOR - The RAM <Mram_memory> will be implemented on LUTs either because you have described an asynchronous read or because of currently unsupported block RAM features. If you have described an asynchronous read, making it synchronous would allow you to take advantage of available block RAM resources, for optimized device usage and improved timings. Please refer to your documentation for coding guidelines.
    -----------------------------------------------------------------------
    | ram_type           | Distributed                         |          |
    -----------------------------------------------------------------------
    | Port A                                                              |
    |     aspect ratio   | 6-word x 8-bit                      |          |
    |     weA            | connected to signal <GND>           | high     |
    |     addrA          | connected to signal <inInstructionMem> |          |
    |     diA            | connected to signal <GND>           |          |
    |     doA            | connected to internal node          |          |
    -----------------------------------------------------------------------
Unit <InstructionMem> synthesized (advanced).

=========================================================================
Advanced HDL Synthesis Report

Macro Statistics
# RAMs                                                 : 1
 6x8-bit single-port distributed Read Only RAM         : 1
# Adders/Subtractors                                   : 1
 8-bit adder                                           : 1
# Registers                                            : 8
 Flip-Flops                                            : 8
# Multiplexers                                         : 1
 8-bit 2-to-1 multiplexer                              : 1

=========================================================================

=========================================================================
*                         Low Level Synthesis                           *
=========================================================================

Optimizing unit <pipeline> ...

Optimizing unit <addPc> ...
WARNING:Xst:2677 - Node <callAddPc/outAddPc_7> of sequential type is unconnected in block <pipeline>.
WARNING:Xst:2677 - Node <callAddPc/outAddPc_6> of sequential type is unconnected in block <pipeline>.
WARNING:Xst:2677 - Node <callAddPc/outAddPc_5> of sequential type is unconnected in block <pipeline>.
WARNING:Xst:2677 - Node <callAddPc/outAddPc_4> of sequential type is unconnected in block <pipeline>.
WARNING:Xst:2677 - Node <callAddPc/outAddPc_3> of sequential type is unconnected in block <pipeline>.

Mapping all equations...
Building and optimizing final netlist ...
Found area constraint ratio of 100 (+ 5) on block pipeline, actual ratio is 0.

Final Macro Processing ...

=========================================================================
Final Register Report

Macro Statistics
# Registers                                            : 3
 Flip-Flops                                            : 3

=========================================================================

=========================================================================
*                           Partition Report                            *
=========================================================================

Partition Implementation Status
-------------------------------

  No Partitions were found in this design.

-------------------------------

=========================================================================
*                            Design Summary                             *
=========================================================================

Top Level Output File Name         : pipeline.ngc

Primitive and Black Box Usage:
------------------------------
# BELS                             : 12
#      GND                         : 1
#      LUT2                        : 1
#      LUT3                        : 4
#      LUT5                        : 1
#      LUT6                        : 5
# FlipFlops/Latches                : 3
#      FD                          : 3
# Clock Buffers                    : 1
#      BUFGP                       : 1
# IO Buffers                       : 12
#      IBUF                        : 4
#      OBUF                        : 8

Device utilization summary:
---------------------------

Selected Device : 6slx16csg324-3 


Slice Logic Utilization: 
 Number of Slice Registers:               3  out of  18224     0%  
 Number of Slice LUTs:                   11  out of   9112     0%  
    Number used as Logic:                11  out of   9112     0%  

Slice Logic Distribution: 
 Number of LUT Flip Flop pairs used:     11
   Number with an unused Flip Flop:       8  out of     11    72%  
   Number with an unused LUT:             0  out of     11     0%  
   Number of fully used LUT-FF pairs:     3  out of     11    27%  
   Number of unique control sets:         1

IO Utilization: 
 Number of IOs:                          18
 Number of bonded IOBs:                  13  out of    232     5%  

Specific Feature Utilization:
 Number of BUFG/BUFGCTRLs:                1  out of     16     6%  

---------------------------
Partition Resource Summary:
---------------------------

  No Partitions were found in this design.

---------------------------


=========================================================================
Timing Report

NOTE: THESE TIMING NUMBERS ARE ONLY A SYNTHESIS ESTIMATE.
      FOR ACCURATE TIMING INFORMATION PLEASE REFER TO THE TRACE REPORT
      GENERATED AFTER PLACE-and-ROUTE.

Clock Information:
------------------
-----------------------------------+------------------------+-------+
Clock Signal                       | Clock buffer(FF name)  | Load  |
-----------------------------------+------------------------+-------+
btn                                | BUFGP                  | 3     |
-----------------------------------+------------------------+-------+

Asynchronous Control Signals Information:
----------------------------------------
No asynchronous control signals found in this design

Timing Summary:
---------------
Speed Grade: -3

   Minimum period: 1.697ns (Maximum Frequency: 589.275MHz)
   Minimum input arrival time before clock: 3.523ns
   Maximum output required time after clock: 5.699ns
   Maximum combinational path delay: 6.712ns

Timing Details:
---------------
All values displayed in nanoseconds (ns)

=========================================================================
Timing constraint: Default period analysis for Clock 'btn'
  Clock period: 1.697ns (frequency: 589.275MHz)
  Total number of paths / destination ports: 6 / 3
-------------------------------------------------------------------------
Delay:               1.697ns (Levels of Logic = 1)
  Source:            callAddPc/outAddPc_2 (FF)
  Destination:       callAddPc/outAddPc_2 (FF)
  Source Clock:      btn rising
  Destination Clock: btn rising

  Data Path: callAddPc/outAddPc_2 to callAddPc/outAddPc_2
                                Gate     Net
    Cell:in->out      fanout   Delay   Delay  Logical Name (Net Name)
    ----------------------------------------  ------------
     FD:C->Q               5   0.447   0.943  callAddPc/outAddPc_2 (callAddPc/outAddPc_2)
     LUT6:I3->O            1   0.205   0.000  callAddPc/Madd_inAddPc[7]_GND_5_o_add_1_OUT_xor<2>11 (callAddPc/inAddPc[7]_GND_5_o_add_1_OUT<2>)
     FD:D                      0.102          callAddPc/outAddPc_2
    ----------------------------------------
    Total                      1.697ns (0.754ns logic, 0.943ns route)
                                       (44.4% logic, 55.6% route)

=========================================================================
Timing constraint: Default OFFSET IN BEFORE for Clock 'btn'
  Total number of paths / destination ports: 9 / 3
-------------------------------------------------------------------------
Offset:              3.523ns (Levels of Logic = 3)
  Source:            jmpAddr<1> (PAD)
  Destination:       callAddPc/outAddPc_2 (FF)
  Destination Clock: btn rising

  Data Path: jmpAddr<1> to callAddPc/outAddPc_2
                                Gate     Net
    Cell:in->out      fanout   Delay   Delay  Logical Name (Net Name)
    ----------------------------------------  ------------
     IBUF:I->O             6   1.222   0.849  jmpAddr_1_IBUF (jmpAddr_1_IBUF)
     LUT2:I0->O            1   0.203   0.944  callAddPc/Madd_inAddPc[7]_GND_5_o_add_1_OUT_xor<2>11_SW0 (N2)
     LUT6:I0->O            1   0.203   0.000  callAddPc/Madd_inAddPc[7]_GND_5_o_add_1_OUT_xor<2>11 (callAddPc/inAddPc[7]_GND_5_o_add_1_OUT<2>)
     FD:D                      0.102          callAddPc/outAddPc_2
    ----------------------------------------
    Total                      3.523ns (1.730ns logic, 1.793ns route)
                                       (49.1% logic, 50.9% route)

=========================================================================
Timing constraint: Default OFFSET OUT AFTER for Clock 'btn'
  Total number of paths / destination ports: 12 / 4
-------------------------------------------------------------------------
Offset:              5.699ns (Levels of Logic = 3)
  Source:            callAddPc/outAddPc_0 (FF)
  Destination:       led<2> (PAD)
  Source Clock:      btn rising

  Data Path: callAddPc/outAddPc_0 to led<2>
                                Gate     Net
    Cell:in->out      fanout   Delay   Delay  Logical Name (Net Name)
    ----------------------------------------  ------------
     FD:C->Q               6   0.447   0.849  callAddPc/outAddPc_0 (callAddPc/outAddPc_0)
     LUT3:I1->O            2   0.203   0.845  callMuxPc/Mmux_outMuxPc11 (PcMux<0>)
     LUT6:I3->O            1   0.205   0.579  callInstruccionMem/Mram_memory111 (led_1_OBUF)
     OBUF:I->O                 2.571          led_1_OBUF (led<1>)
    ----------------------------------------
    Total                      5.699ns (3.426ns logic, 2.273ns route)
                                       (60.1% logic, 39.9% route)

=========================================================================
Timing constraint: Default path analysis
  Total number of paths / destination ports: 20 / 4
-------------------------------------------------------------------------
Delay:               6.712ns (Levels of Logic = 4)
  Source:            btnSelect (PAD)
  Destination:       led<2> (PAD)

  Data Path: btnSelect to led<2>
                                Gate     Net
    Cell:in->out      fanout   Delay   Delay  Logical Name (Net Name)
    ----------------------------------------  ------------
     IBUF:I->O            10   1.222   1.085  btnSelect_IBUF (btnSelect_IBUF)
     LUT3:I0->O            2   0.205   0.845  callMuxPc/Mmux_outMuxPc11 (PcMux<0>)
     LUT6:I3->O            1   0.205   0.579  callInstruccionMem/Mram_memory111 (led_1_OBUF)
     OBUF:I->O                 2.571          led_1_OBUF (led<1>)
    ----------------------------------------
    Total                      6.712ns (4.203ns logic, 2.509ns route)
                                       (62.6% logic, 37.4% route)

=========================================================================

Cross Clock Domains Report:
--------------------------

Clock to Setup on destination clock btn
---------------+---------+---------+---------+---------+
               | Src:Rise| Src:Fall| Src:Rise| Src:Fall|
Source Clock   |Dest:Rise|Dest:Rise|Dest:Fall|Dest:Fall|
---------------+---------+---------+---------+---------+
btn            |    1.697|         |         |         |
---------------+---------+---------+---------+---------+

=========================================================================


Total REAL time to Xst completion: 22.00 secs
Total CPU time to Xst completion: 21.48 secs
 
--> 

Total memory usage is 187532 kilobytes

Number of errors   :    0 (   0 filtered)
Number of warnings :   10 (   0 filtered)
Number of infos    :    1 (   0 filtered)

