--------------------------------------------------------------------------------
Release 14.7 Trace  (nt)
Copyright (c) 1995-2013 Xilinx, Inc.  All rights reserved.

C:\Xilinx\14.7\ISE_DS\ISE\bin\nt\unwrapped\trce.exe -intstyle ise -v 3 -s 3 -n
3 -fastpaths -xml pipeline.twx pipeline.ncd -o pipeline.twr pipeline.pcf -ucf
pipeline.ucf

Design file:              pipeline.ncd
Physical constraint file: pipeline.pcf
Device,package,speed:     xc6slx16,csg324,C,-3 (PRODUCTION 1.23 2013-10-13)
Report level:             verbose report

Environment Variable      Effect 
--------------------      ------ 
NONE                      No environment variables were set
--------------------------------------------------------------------------------

INFO:Timing:2698 - No timing constraints found, doing default enumeration.
INFO:Timing:3412 - To improve timing, see the Timing Closure User Guide (UG612).
INFO:Timing:2752 - To get complete path coverage, use the unconstrained paths 
   option. All paths that are not constrained will be reported in the 
   unconstrained paths section(s) of the report.
INFO:Timing:3339 - The clock-to-out numbers in this timing report are based on 
   a 50 Ohm transmission line loading model.  For the details of this model, 
   and for more information on accounting for different loading conditions, 
   please see the device datasheet.



Data Sheet report:
-----------------
All values displayed in nanoseconds (ns)

Setup/Hold to clock clk100
------------+------------+------------+------------+------------+------------------+--------+
            |Max Setup to|  Process   |Max Hold to |  Process   |                  | Clock  |
Source      | clk (edge) |   Corner   | clk (edge) |   Corner   |Internal Clock(s) | Phase  |
------------+------------+------------+------------+------------+------------------+--------+
rx          |    4.249(R)|      SLOW  |   -1.560(R)|      FAST  |clk               |   0.000|
------------+------------+------------+------------+------------+------------------+--------+

Clock clk100 to Pad
------------+-----------------+------------+-----------------+------------+------------------+--------+
            |Max (slowest) clk|  Process   |Min (fastest) clk|  Process   |                  | Clock  |
Destination |  (edge) to PAD  |   Corner   |  (edge) to PAD  |   Corner   |Internal Clock(s) | Phase  |
------------+-----------------+------------+-----------------+------------+------------------+--------+
led<0>      |         5.108(R)|      SLOW  |         3.150(R)|      FAST  |clk               |   0.000|
led<1>      |         4.949(R)|      SLOW  |         3.049(R)|      FAST  |clk               |   0.000|
led<2>      |         4.928(R)|      SLOW  |         3.049(R)|      FAST  |clk               |   0.000|
led<3>      |         5.196(R)|      SLOW  |         3.170(R)|      FAST  |clk               |   0.000|
led<4>      |         5.252(R)|      SLOW  |         3.239(R)|      FAST  |clk               |   0.000|
led<5>      |         5.454(R)|      SLOW  |         3.364(R)|      FAST  |clk               |   0.000|
led<6>      |         5.314(R)|      SLOW  |         3.260(R)|      FAST  |clk               |   0.000|
led<7>      |         5.610(R)|      SLOW  |         3.466(R)|      FAST  |clk               |   0.000|
tx          |         4.767(R)|      SLOW  |         2.877(R)|      FAST  |clk               |   0.000|
------------+-----------------+------------+-----------------+------------+------------------+--------+

Clock to Setup on destination clock clk100
---------------+---------+---------+---------+---------+
               | Src:Rise| Src:Fall| Src:Rise| Src:Fall|
Source Clock   |Dest:Rise|Dest:Rise|Dest:Fall|Dest:Fall|
---------------+---------+---------+---------+---------+
clk100         |   94.721|   12.266|   12.152|    9.908|
---------------+---------+---------+---------+---------+


Analysis completed Mon Feb 23 13:05:09 2015 
--------------------------------------------------------------------------------

Trace Settings:
-------------------------
Trace Settings 

Peak Memory Usage: 212 MB



