Release 14.7 - ngc2edif P.20131013 (nt)
Copyright (c) 1995-2013 Xilinx, Inc.  All rights reserved.
Reading design pipeline.ngc ...
WARNING:NetListWriters:298 - No output is written to pipeline.xncf, ignored.
Processing design ...
   Preping design's networks ...
   Preping design's macros ...
  finished :Prep
Writing EDIF netlist file pipeline.edif ...
ngc2edif: Total memory usage is 61168 kilobytes

Release 14.7 - ngc2edif P.20131013 (nt)
Copyright (c) 1995-2013 Xilinx, Inc.  All rights reserved.
Reading design pipeline.ngc ...
WARNING:NetListWriters:298 - No output is written to pipeline.xncf, ignored.
Processing design ...
   Preping design's networks ...
   Preping design's macros ...
  finished :Prep
Writing EDIF netlist file pipeline.edif ...
ngc2edif: Total memory usage is 61104 kilobytes

