INFO:sim:172 - Generating IP...
Applying current project options...
Finished applying current project options.
WARNING:sim - A core named 'Clock10Mhz' already exists in the project. Output
   products for this core may be overwritten.
Resolving generics for 'Clock10Mhz'...
WARNING:sim - A core named 'Clock10Mhz' already exists in the project. Output
   products for this core may be overwritten.
Applying external generics to 'Clock10Mhz'...
Delivering associated files for 'Clock10Mhz'...
WARNING:sim - Component clk_wiz_v3_6 does not have a valid model name for
   Verilog synthesis
Delivering EJava files for 'Clock10Mhz'...
Delivered 3 files into directory
C:/Users/Nano/Desktop/PipeLine/ipcore_dir/tmp/_cg/Clock10Mhz
Delivered 1 file into directory
C:/Users/Nano/Desktop/PipeLine/ipcore_dir/tmp/_cg/Clock10Mhz
Generating ASY schematic symbol...
Loading device for application Rf_Device from file '6slx16.nph' in environment
C:\Xilinx\14.7\ISE_DS\ISE\.
INFO:sim:949 - Finished generation of ASY schematic symbol.
Generating SYM schematic symbol for 'Clock10Mhz'...
Generating ISE project...
XCO file found: Clock10Mhz.xco
XMDF file found: Clock10Mhz_xmdf.tcl
Adding C:/Users/Nano/Desktop/PipeLine/ipcore_dir/tmp/_cg/Clock10Mhz.asy -view
all -origin_type imported
Adding C:/Users/Nano/Desktop/PipeLine/ipcore_dir/tmp/_cg/Clock10Mhz.ucf -view
all -origin_type created
Adding C:/Users/Nano/Desktop/PipeLine/ipcore_dir/tmp/_cg/Clock10Mhz.v -view all
-origin_type created
INFO:HDLCompiler:1845 - Analyzing Verilog file
   "C:/Users/Nano/Desktop/PipeLine/ipcore_dir/tmp/_cg/Clock10Mhz.v" into library
   work
INFO:ProjectMgmt - Parsing design hierarchy completed successfully.
Adding C:/Users/Nano/Desktop/PipeLine/ipcore_dir/tmp/_cg/Clock10Mhz.veo -view
all -origin_type imported
INFO:TclTasksC:2116 - The automatic calculation of top has been turned-off.
   Please set the new top explicitly by running the "project set top" command.
   To re-calculate the new top automatically, set the "Auto Implementation Top"
   property to true.
Top level has been set to "/Clock10Mhz"
Generating README file...
Generating FLIST file...
INFO:sim:948 - Finished FLIST file generation.
Launching README viewer...
Moving files to output directory...
Finished moving files to output directory
Wrote CGP file for project 'Clock10Mhz'.
