Command line:
   IF_ID_Latch_isim_beh.exe
     -simmode  gui
     -simrunnum  0
     -socket  52128

Mon Feb 02 17:43:40 2015


 Elaboration Time: 0.0624 sec

 Current Memory Usage: 656.204 Meg

 Total Signals          : 18
 Total Nets             : 144
 Total Signal Drivers   : 7
 Total Blocks           : 2
 Total Primitive Blocks : 2
 Total Processes        : 9
 Total Traceable Variables  : 20
 Total Scalar Nets and Variables : 288
Total Line Count : 24

 Total Simulation Time: 0.078 sec

 Current Memory Usage: 656.204 Meg

Mon Feb 02 17:43:59 2015

