Command line:
   InstDecode_isim_beh.exe
     -simmode  gui
     -simrunnum  0
     -socket  51015

Tue Jan 20 15:26:50 2015


 Elaboration Time: 0.1404 sec

 Current Memory Usage: 656.151 Meg

 Total Signals          : 18
 Total Nets             : 125
 Total Signal Drivers   : 7
 Total Blocks           : 2
 Total Primitive Blocks : 2
 Total Processes        : 10
 Total Traceable Variables  : 21
 Total Scalar Nets and Variables : 781
Total Line Count : 43

 Total Simulation Time: 0.171601 sec

 Current Memory Usage: 656.151 Meg

Tue Jan 20 15:27:16 2015

