
****** PlanAhead v14.7
  **** Build 321239 by xbuild on Fri Sep 27 19:31:35 MDT 2013
    ** Copyright 1986-1999, 2001-2013 Xilinx, Inc. All Rights Reserved.

INFO: [Common 17-78] Attempting to get a license: PlanAhead
INFO: [Common 17-290] Got license for PlanAhead
INFO: [Common 17-86] Your PlanAhead license expires in -141 day(s)
INFO: [Device 21-36] Loading parts and site information from C:/Xilinx/14.7/ISE_DS/PlanAhead/data/parts/arch.xml
Parsing RTL primitives file [C:/Xilinx/14.7/ISE_DS/PlanAhead/data/parts/xilinx/rtl/prims/rtl_prims.xml]
Finished parsing RTL primitives file [C:/Xilinx/14.7/ISE_DS/PlanAhead/data/parts/xilinx/rtl/prims/rtl_prims.xml]
start_gui
source {D:/Facu/Arquitectura de Computadoras/pipeline/pa.fromNetlist.tcl}
# create_project -name pipeline -dir "D:/Facu/Arquitectura de Computadoras/pipeline/planAhead_run_2" -part xc6slx16csg324-3
create_project: Time (s): elapsed = 00:00:11 . Memory (MB): peak = 383.770 ; gain = 25.547
# set_property design_mode GateLvl [get_property srcset [current_run -impl]]
# set_property edif_top_file "D:/Facu/Arquitectura de Computadoras/pipeline/pipeline.ngc" [ get_property srcset [ current_run ] ]
# add_files -norecurse { {D:/Facu/Arquitectura de Computadoras/pipeline} }
# set_param project.pinAheadLayout  yes
# set_property target_constrs_file "pipeline.ucf" [current_fileset -constrset]
Adding file 'D:/Facu/Arquitectura de Computadoras/pipeline/pipeline.ucf' to fileset 'constrs_1'
# add_files [list {pipeline.ucf}] -fileset [get_property constrset [current_run]]
# link_design
Design is defaulting to srcset: sources_1
Design is defaulting to constrset: constrs_1
Design is defaulting to project part: xc6slx16csg324-3
Release 14.7 - ngc2edif P.20131013 (nt)
Copyright (c) 1995-2013 Xilinx, Inc.  All rights reserved.

Release 14.7 - ngc2edif P.20131013 (nt)
Copyright (c) 1995-2013 Xilinx, Inc.  All rights reserved.
Reading design pipeline.ngc ...
WARNING:NetListWriters:298 - No output is written to pipeline.xncf, ignored.
Processing design ...
   Preping design's networks ...
   Preping design's macros ...
  finished :Prep
Writing EDIF netlist file pipeline.edif ...
ngc2edif: Total memory usage is 61104 kilobytes

Parsing EDIF File [./planAhead_run_2/pipeline.data/cache/pipeline_ngc_zx.edif]
Finished Parsing EDIF File [./planAhead_run_2/pipeline.data/cache/pipeline_ngc_zx.edif]
INFO: [Netlist 29-17] Analyzing 1 Unisim elements for replacement
INFO: [Netlist 29-28] Unisim Transformation completed in 0 CPU seconds
Loading clock regions from C:/Xilinx/14.7/ISE_DS/PlanAhead/data\parts/xilinx/spartan6/spartan6lx/xc6slx16/ClockRegion.xml
Loading clock buffers from C:/Xilinx/14.7/ISE_DS/PlanAhead/data\parts/xilinx/spartan6/spartan6lx/xc6slx16/ClockBuffers.xml
Loading package pin functions from C:/Xilinx/14.7/ISE_DS/PlanAhead/data\parts/xilinx/spartan6/PinFunctions.xml...
Loading package from C:/Xilinx/14.7/ISE_DS/PlanAhead/data\parts/xilinx/spartan6/spartan6lx/xc6slx16/csg324/Package.xml
Loading io standards from C:/Xilinx/14.7/ISE_DS/PlanAhead/data\./parts/xilinx/spartan6/IOStandards.xml
Loading device configuration modes from C:/Xilinx/14.7/ISE_DS/PlanAhead/data\parts/xilinx/spartan6/ConfigModes.xml
Loading list of drcs for the architecture : C:/Xilinx/14.7/ISE_DS/PlanAhead/data\./parts/xilinx/spartan6/drc.xml
Parsing UCF File [D:/Facu/Arquitectura de Computadoras/pipeline/pipeline.ucf]
CRITICAL WARNING: [Constraints 18-11] Could not find net or pin 'outPc[0]' [D:/Facu/Arquitectura de Computadoras/pipeline/pipeline.ucf:4]
CRITICAL WARNING: [Constraints 18-11] Could not find net or pin 'outPc[1]' [D:/Facu/Arquitectura de Computadoras/pipeline/pipeline.ucf:5]
CRITICAL WARNING: [Constraints 18-11] Could not find net or pin 'outPc[2]' [D:/Facu/Arquitectura de Computadoras/pipeline/pipeline.ucf:6]
CRITICAL WARNING: [Constraints 18-11] Could not find net or pin 'clk' [D:/Facu/Arquitectura de Computadoras/pipeline/pipeline.ucf:7]
Finished Parsing UCF File [D:/Facu/Arquitectura de Computadoras/pipeline/pipeline.ucf]
INFO: [Designutils 20-20] Invalid constraints found, use command 'write_ucf -constraints invalid <file>' to save all the invalid constraints to a file
INFO: [Project 1-111] Unisim Transformation Summary:
  A total of 1 instances were transformed.
  BUFGP => BUFGP (IBUF, BUFG): 1 instances

Phase 0 | Netlist Checksum: 31b5de42
link_design: Time (s): elapsed = 00:00:55 . Memory (MB): peak = 485.227 ; gain = 90.375
startgroup
set_property package_pin T11 [get_ports {led[7]}]
endgroup
startgroup
set_property package_pin R11 [get_ports {led[6]}]
endgroup
startgroup
set_property package_pin N11 [get_ports {led[5]}]
endgroup
startgroup
set_property package_pin M11 [get_ports {led[4]}]
endgroup
startgroup
set_property package_pin V15 [get_ports {led[3]}]
endgroup
startgroup
set_property package_pin U15 [get_ports {led[2]}]
endgroup
startgroup
set_property package_pin V16 [get_ports {led[1]}]
endgroup
startgroup
set_property package_pin U16 [get_ports {led[0]}]
endgroup
startgroup
set_property package_pin C4 [get_ports btn]
endgroup
save_constraints
exit
ERROR: [Common 17-39] 'stop_gui' failed due to earlier errors.
INFO: [Common 17-206] Exiting PlanAhead at Mon Jan 19 12:26:41 2015...
INFO: [Common 17-83] Releasing license: PlanAhead
